0 info it worked if it ends with ok
1 verbose cli [ 'C:\\Program Files\\nodejs\\node.exe',
1 verbose cli   'C:\\Program Files\\nodejs\\node_modules\\npm\\bin\\npm-cli.js',
1 verbose cli   'install' ]
2 info using npm@3.8.3
3 info using node@v5.10.1
4 silly loadCurrentTree Starting
5 silly install loadCurrentTree
6 silly install readLocalPackageData
7 silly install normalizeTree
8 silly loadCurrentTree Finishing
9 silly loadIdealTree Starting
10 silly install loadIdealTree
11 silly cloneCurrentTree Starting
12 silly install cloneCurrentTreeToIdealTree
13 silly cloneCurrentTree Finishing
14 silly loadShrinkwrap Starting
15 silly install loadShrinkwrap
16 silly loadShrinkwrap Finishing
17 silly loadAllDepsIntoIdealTree Starting
18 silly install loadAllDepsIntoIdealTree
19 silly fetchNamedPackageData laravel-elixir
20 silly mapToRegistry name laravel-elixir
21 silly mapToRegistry using default registry
22 silly mapToRegistry registry https://registry.npmjs.org/
23 silly mapToRegistry data Result {
23 silly mapToRegistry   raw: 'laravel-elixir',
23 silly mapToRegistry   scope: null,
23 silly mapToRegistry   name: 'laravel-elixir',
23 silly mapToRegistry   rawSpec: '',
23 silly mapToRegistry   spec: 'latest',
23 silly mapToRegistry   type: 'tag' }
24 silly mapToRegistry uri https://registry.npmjs.org/laravel-elixir
25 silly fetchNamedPackageData bootstrap-sass
26 silly mapToRegistry name bootstrap-sass
27 silly mapToRegistry using default registry
28 silly mapToRegistry registry https://registry.npmjs.org/
29 silly mapToRegistry data Result {
29 silly mapToRegistry   raw: 'bootstrap-sass',
29 silly mapToRegistry   scope: null,
29 silly mapToRegistry   name: 'bootstrap-sass',
29 silly mapToRegistry   rawSpec: '',
29 silly mapToRegistry   spec: 'latest',
29 silly mapToRegistry   type: 'tag' }
30 silly mapToRegistry uri https://registry.npmjs.org/bootstrap-sass
31 silly fetchOtherPackageData FortAwesome/font-awesome@*
32 silly cache add args [ 'FortAwesome/font-awesome@*', null ]
33 verbose cache add spec FortAwesome/font-awesome@*
34 silly cache add parsed spec Result {
34 silly cache add   raw: 'FortAwesome/font-awesome@*',
34 silly cache add   scope: null,
34 silly cache add   name: null,
34 silly cache add   rawSpec: 'FortAwesome/font-awesome@*',
34 silly cache add   spec: 'C:\\Users\\Samantha\\Dropbox\\School\\CIS 239 PHP\\final\\VanityTshirts\\FortAwesome\\font-awesome@*',
34 silly cache add   type: 'local' }
35 error addLocal Could not install C:\Users\Samantha\Dropbox\School\CIS 239 PHP\final\VanityTshirts\FortAwesome\font-awesome@*
36 silly fetchPackageMetaData Error: ENOENT: no such file or directory, open 'C:\Users\Samantha\Dropbox\School\CIS 239 PHP\final\VanityTshirts\FortAwesome\font-awesome@*'
36 silly fetchPackageMetaData     at Error (native)
36 silly fetchPackageMetaData  error for FortAwesome/font-awesome@* { [Error: ENOENT: no such file or directory, open 'C:\Users\Samantha\Dropbox\School\CIS 239 PHP\final\VanityTshirts\FortAwesome\font-awesome@*']
36 silly fetchPackageMetaData   errno: -4058,
36 silly fetchPackageMetaData   code: 'ENOENT',
36 silly fetchPackageMetaData   syscall: 'open',
36 silly fetchPackageMetaData   path: 'C:\\Users\\Samantha\\Dropbox\\School\\CIS 239 PHP\\final\\VanityTshirts\\FortAwesome\\font-awesome@*' }
37 verbose request uri https://registry.npmjs.org/bootstrap-sass
38 verbose request no auth needed
39 info attempt registry request try #1 at 8:59:45 AM
40 verbose request id e42c3056a2b5c4ae
41 verbose etag "7CZ4L3YYORC2M29DUG439MZ7N"
42 http request GET https://registry.npmjs.org/bootstrap-sass
43 verbose request uri https://registry.npmjs.org/laravel-elixir
44 verbose request no auth needed
45 info attempt registry request try #1 at 8:59:45 AM
46 verbose etag "D0JOWREQZE3DKSJ64MYLYZRAL"
47 http request GET https://registry.npmjs.org/laravel-elixir
48 http 304 https://registry.npmjs.org/bootstrap-sass
49 verbose headers { date: 'Wed, 20 Apr 2016 13:59:45 GMT',
49 verbose headers   via: '1.1 varnish',
49 verbose headers   'cache-control': 'max-age=300',
49 verbose headers   etag: '"7CZ4L3YYORC2M29DUG439MZ7N"',
49 verbose headers   age: '86',
49 verbose headers   connection: 'keep-alive',
49 verbose headers   'x-served-by': 'cache-ord1723-ORD',
49 verbose headers   'x-cache': 'HIT',
49 verbose headers   'x-cache-hits': '1',
49 verbose headers   'x-timer': 'S1461160785.425157,VS0,VE0',
49 verbose headers   vary: 'Accept-Encoding' }
50 silly get cb [ 304,
50 silly get   { date: 'Wed, 20 Apr 2016 13:59:45 GMT',
50 silly get     via: '1.1 varnish',
50 silly get     'cache-control': 'max-age=300',
50 silly get     etag: '"7CZ4L3YYORC2M29DUG439MZ7N"',
50 silly get     age: '86',
50 silly get     connection: 'keep-alive',
50 silly get     'x-served-by': 'cache-ord1723-ORD',
50 silly get     'x-cache': 'HIT',
50 silly get     'x-cache-hits': '1',
50 silly get     'x-timer': 'S1461160785.425157,VS0,VE0',
50 silly get     vary: 'Accept-Encoding' } ]
51 verbose etag https://registry.npmjs.org/bootstrap-sass from cache
52 verbose get saving bootstrap-sass to C:\Users\Samantha\AppData\Roaming\npm-cache\registry.npmjs.org\bootstrap-sass\.cache.json
53 verbose correctMkdir C:\Users\Samantha\AppData\Roaming\npm-cache correctMkdir not in flight; initializing
54 http 304 https://registry.npmjs.org/laravel-elixir
55 verbose headers { date: 'Wed, 20 Apr 2016 13:59:45 GMT',
55 verbose headers   via: '1.1 varnish',
55 verbose headers   'cache-control': 'max-age=300',
55 verbose headers   etag: '"D0JOWREQZE3DKSJ64MYLYZRAL"',
55 verbose headers   age: '86',
55 verbose headers   connection: 'keep-alive',
55 verbose headers   'x-served-by': 'cache-ord1737-ORD',
55 verbose headers   'x-cache': 'HIT',
55 verbose headers   'x-cache-hits': '1',
55 verbose headers   'x-timer': 'S1461160785.428988,VS0,VE0',
55 verbose headers   vary: 'Accept-Encoding' }
56 silly get cb [ 304,
56 silly get   { date: 'Wed, 20 Apr 2016 13:59:45 GMT',
56 silly get     via: '1.1 varnish',
56 silly get     'cache-control': 'max-age=300',
56 silly get     etag: '"D0JOWREQZE3DKSJ64MYLYZRAL"',
56 silly get     age: '86',
56 silly get     connection: 'keep-alive',
56 silly get     'x-served-by': 'cache-ord1737-ORD',
56 silly get     'x-cache': 'HIT',
56 silly get     'x-cache-hits': '1',
56 silly get     'x-timer': 'S1461160785.428988,VS0,VE0',
56 silly get     vary: 'Accept-Encoding' } ]
57 verbose etag https://registry.npmjs.org/laravel-elixir from cache
58 verbose get saving laravel-elixir to C:\Users\Samantha\AppData\Roaming\npm-cache\registry.npmjs.org\laravel-elixir\.cache.json
59 verbose correctMkdir C:\Users\Samantha\AppData\Roaming\npm-cache correctMkdir already in flight; waiting
60 silly resolveWithNewModule bootstrap-sass@3.3.6 checking installable status
61 silly cache add args [ 'bootstrap-sass@^3.0.0', null ]
62 verbose cache add spec bootstrap-sass@^3.0.0
63 silly cache add parsed spec Result {
63 silly cache add   raw: 'bootstrap-sass@^3.0.0',
63 silly cache add   scope: null,
63 silly cache add   name: 'bootstrap-sass',
63 silly cache add   rawSpec: '^3.0.0',
63 silly cache add   spec: '>=3.0.0 <4.0.0',
63 silly cache add   type: 'range' }
64 silly addNamed bootstrap-sass@>=3.0.0 <4.0.0
65 verbose addNamed ">=3.0.0 <4.0.0" is a valid semver range for bootstrap-sass
66 silly addNameRange { name: 'bootstrap-sass',
66 silly addNameRange   range: '>=3.0.0 <4.0.0',
66 silly addNameRange   hasData: false }
67 silly mapToRegistry name bootstrap-sass
68 silly mapToRegistry using default registry
69 silly mapToRegistry registry https://registry.npmjs.org/
70 silly mapToRegistry data Result {
70 silly mapToRegistry   raw: 'bootstrap-sass',
70 silly mapToRegistry   scope: null,
70 silly mapToRegistry   name: 'bootstrap-sass',
70 silly mapToRegistry   rawSpec: '',
70 silly mapToRegistry   spec: 'latest',
70 silly mapToRegistry   type: 'tag' }
71 silly mapToRegistry uri https://registry.npmjs.org/bootstrap-sass
72 verbose addNameRange registry:https://registry.npmjs.org/bootstrap-sass not in flight; fetching
73 silly resolveWithNewModule laravel-elixir@5.0.0 checking installable status
74 silly cache add args [ 'laravel-elixir@^5.0.0', null ]
75 verbose cache add spec laravel-elixir@^5.0.0
76 silly cache add parsed spec Result {
76 silly cache add   raw: 'laravel-elixir@^5.0.0',
76 silly cache add   scope: null,
76 silly cache add   name: 'laravel-elixir',
76 silly cache add   rawSpec: '^5.0.0',
76 silly cache add   spec: '>=5.0.0 <6.0.0',
76 silly cache add   type: 'range' }
77 silly addNamed laravel-elixir@>=5.0.0 <6.0.0
78 verbose addNamed ">=5.0.0 <6.0.0" is a valid semver range for laravel-elixir
79 silly addNameRange { name: 'laravel-elixir',
79 silly addNameRange   range: '>=5.0.0 <6.0.0',
79 silly addNameRange   hasData: false }
80 silly mapToRegistry name laravel-elixir
81 silly mapToRegistry using default registry
82 silly mapToRegistry registry https://registry.npmjs.org/
83 silly mapToRegistry data Result {
83 silly mapToRegistry   raw: 'laravel-elixir',
83 silly mapToRegistry   scope: null,
83 silly mapToRegistry   name: 'laravel-elixir',
83 silly mapToRegistry   rawSpec: '',
83 silly mapToRegistry   spec: 'latest',
83 silly mapToRegistry   type: 'tag' }
84 silly mapToRegistry uri https://registry.npmjs.org/laravel-elixir
85 verbose addNameRange registry:https://registry.npmjs.org/laravel-elixir not in flight; fetching
86 verbose get https://registry.npmjs.org/bootstrap-sass not expired, no request
87 silly addNameRange number 2 { name: 'bootstrap-sass',
87 silly addNameRange   range: '>=3.0.0 <4.0.0',
87 silly addNameRange   hasData: true }
88 silly addNameRange versions [ 'bootstrap-sass',
88 silly addNameRange   [ '2.3.2',
88 silly addNameRange     '3.1.1',
88 silly addNameRange     '3.2.0',
88 silly addNameRange     '3.3.0',
88 silly addNameRange     '3.3.1',
88 silly addNameRange     '3.3.2',
88 silly addNameRange     '3.3.3',
88 silly addNameRange     '3.3.4',
88 silly addNameRange     '3.3.5',
88 silly addNameRange     '3.3.6' ] ]
89 silly addNamed bootstrap-sass@3.3.6
90 verbose addNamed "3.3.6" is a plain semver version for bootstrap-sass
91 verbose get https://registry.npmjs.org/laravel-elixir not expired, no request
92 silly addNameRange number 2 { name: 'laravel-elixir',
92 silly addNameRange   range: '>=5.0.0 <6.0.0',
92 silly addNameRange   hasData: true }
93 silly addNameRange versions [ 'laravel-elixir',
93 silly addNameRange   [ '0.1.0',
93 silly addNameRange     '0.1.1',
93 silly addNameRange     '0.1.2',
93 silly addNameRange     '0.1.3',
93 silly addNameRange     '0.1.4',
93 silly addNameRange     '0.1.5',
93 silly addNameRange     '0.1.6',
93 silly addNameRange     '0.1.7',
93 silly addNameRange     '0.1.8',
93 silly addNameRange     '0.1.9',
93 silly addNameRange     '0.2.0',
93 silly addNameRange     '0.2.1',
93 silly addNameRange     '0.2.2',
93 silly addNameRange     '0.3.0',
93 silly addNameRange     '0.3.1',
93 silly addNameRange     '0.3.2',
93 silly addNameRange     '0.3.3',
93 silly addNameRange     '0.3.4',
93 silly addNameRange     '0.3.5',
93 silly addNameRange     '0.3.7',
93 silly addNameRange     '0.3.8',
93 silly addNameRange     '0.3.9',
93 silly addNameRange     '0.3.10',
93 silly addNameRange     '0.3.11',
93 silly addNameRange     '0.4.0',
93 silly addNameRange     '0.4.1',
93 silly addNameRange     '0.4.3',
93 silly addNameRange     '0.4.4',
93 silly addNameRange     '0.4.5',
93 silly addNameRange     '0.4.6',
93 silly addNameRange     '0.4.7',
93 silly addNameRange     '0.4.8',
93 silly addNameRange     '0.4.9',
93 silly addNameRange     '0.4.10',
93 silly addNameRange     '0.4.11',
93 silly addNameRange     '0.4.12',
93 silly addNameRange     '0.4.13',
93 silly addNameRange     '0.4.14',
93 silly addNameRange     '0.4.15',
93 silly addNameRange     '0.4.16',
93 silly addNameRange     '0.4.17',
93 silly addNameRange     '0.5.0',
93 silly addNameRange     '0.5.1',
93 silly addNameRange     '0.5.2',
93 silly addNameRange     '0.5.3',
93 silly addNameRange     '0.5.4',
93 silly addNameRange     '0.5.5',
93 silly addNameRange     '0.5.6',
93 silly addNameRange     '0.5.7',
93 silly addNameRange     '0.5.8',
93 silly addNameRange     '0.6.0',
93 silly addNameRange     '0.6.1',
93 silly addNameRange     '0.6.2',
93 silly addNameRange     '0.6.3',
93 silly addNameRange     '0.6.4',
93 silly addNameRange     '0.6.5',
93 silly addNameRange     '0.6.6',
93 silly addNameRange     '0.7.0',
93 silly addNameRange     '0.6.7',
93 silly addNameRange     '0.6.8',
93 silly addNameRange     '0.7.1',
93 silly addNameRange     '0.7.3',
93 silly addNameRange     '0.7.4',
93 silly addNameRange     '0.7.5',
93 silly addNameRange     '0.7.6',
93 silly addNameRange     '0.7.7',
93 silly addNameRange     '0.7.8',
93 silly addNameRange     '0.7.9',
93 silly addNameRange     '0.7.10',
93 silly addNameRange     '0.7.11',
93 silly addNameRange     '0.8.0',
93 silly addNameRange     '0.8.1',
93 silly addNameRange     '0.9.1',
93 silly addNameRange     '0.10.0',
93 silly addNameRange     '0.10.1',
93 silly addNameRange     '0.10.2',
93 silly addNameRange     '0.10.3',
93 silly addNameRange     '0.10.4',
93 silly addNameRange     '0.10.5',
93 silly addNameRange     '0.10.6',
93 silly addNameRange     '0.10.7',
93 silly addNameRange     '0.11.0',
93 silly addNameRange     '0.12.0',
93 silly addNameRange     '0.12.2',
93 silly addNameRange     '0.12.3',
93 silly addNameRange     '0.13.0',
93 silly addNameRange     '0.13.1',
93 silly addNameRange     '0.13.2',
93 silly addNameRange     '0.13.3',
93 silly addNameRange     '0.14.0',
93 silly addNameRange     '0.14.2',
93 silly addNameRange     '0.14.3',
93 silly addNameRange     '0.14.4',
93 silly addNameRange     '0.15.0',
93 silly addNameRange     '0.15.1',
93 silly addNameRange     '0.15.2',
93 silly addNameRange     '0.15.3',
93 silly addNameRange     '0.15.4',
93 silly addNameRange     '0.15.5',
93 silly addNameRange     '0.16.0',
93 silly addNameRange     '0.16.1',
93 silly addNameRange     '0.16.2',
93 silly addNameRange     '0.16.3',
93 silly addNameRange     '0.18.0',
93 silly addNameRange     '0.18.1',
93 silly addNameRange     '0.18.2',
93 silly addNameRange     '0.18.3',
93 silly addNameRange     '0.18.4',
93 silly addNameRange     '0.18.5',
93 silly addNameRange     '0.18.6',
93 silly addNameRange     '0.18.7',
93 silly addNameRange     '1.0.1',
93 silly addNameRange     '1.0.2',
93 silly addNameRange     '1.0.3',
93 silly addNameRange     '2.0.0',
93 silly addNameRange     '2.0.1',
93 silly addNameRange     '2.1.0',
93 silly addNameRange     '2.1.1',
93 silly addNameRange     '2.1.2',
93 silly addNameRange     '2.2.0',
93 silly addNameRange     '2.2.1',
93 silly addNameRange     '2.2.2',
93 silly addNameRange     '2.2.3',
93 silly addNameRange     '2.2.4',
93 silly addNameRange     '2.3.0',
93 silly addNameRange     '2.3.1',
93 silly addNameRange     '2.3.2',
93 silly addNameRange     '2.3.3',
93 silly addNameRange     '2.3.4',
93 silly addNameRange     '2.3.5',
93 silly addNameRange     '2.3.6',
93 silly addNameRange     '2.3.8',
93 silly addNameRange     '2.3.9',
93 silly addNameRange     '2.3.10',
93 silly addNameRange     '2.3.11',
93 silly addNameRange     '2.3.12',
93 silly addNameRange     '2.3.13',
93 silly addNameRange     '3.0.0-beta1',
93 silly addNameRange     '3.0.0-beta2',
93 silly addNameRange     '3.0.0',
93 silly addNameRange     '3.0.1',
93 silly addNameRange     '3.0.3',
93 silly addNameRange     '3.0.4',
93 silly addNameRange     '3.0.5',
93 silly addNameRange     '3.0.6',
93 silly addNameRange     '3.0.7',
93 silly addNameRange     '3.1.0',
93 silly addNameRange     '3.1.1',
93 silly addNameRange     '3.1.2',
93 silly addNameRange     '3.2.1',
93 silly addNameRange     '3.2.2',
93 silly addNameRange     '3.2.3',
93 silly addNameRange     '3.2.4',
93 silly addNameRange     '3.2.5',
93 silly addNameRange     '3.2.6',
93 silly addNameRange     '3.2.7',
93 silly addNameRange     '3.2.8',
93 silly addNameRange     '3.3.0',
93 silly addNameRange     '3.3.1',
93 silly addNameRange     '3.3.2',
93 silly addNameRange     '3.3.3',
93 silly addNameRange     '3.3.4',
93 silly addNameRange     '3.3.5',
93 silly addNameRange     '3.4.0',
93 silly addNameRange     '3.4.1',
93 silly addNameRange     '3.4.2',
93 silly addNameRange     '4.0.0',
93 silly addNameRange     '3.4.3',
93 silly addNameRange     '4.0.1',
93 silly addNameRange     '4.0.3',
93 silly addNameRange     '4.0.4',
93 silly addNameRange     '4.1.0',
93 silly addNameRange     '4.1.1',
93 silly addNameRange     '4.1.2',
93 silly addNameRange     '4.2.0',
93 silly addNameRange     '4.2.1',
93 silly addNameRange     '5.0.0',
93 silly addNameRange     '6.0.0-0',
93 silly addNameRange     '6.0.0-1' ] ]
94 silly addNamed laravel-elixir@5.0.0
95 verbose addNamed "5.0.0" is a plain semver version for laravel-elixir
96 silly cache afterAdd laravel-elixir@5.0.0
97 verbose afterAdd C:\Users\Samantha\AppData\Roaming\npm-cache\laravel-elixir\5.0.0\package\package.json not in flight; writing
98 verbose correctMkdir C:\Users\Samantha\AppData\Roaming\npm-cache correctMkdir not in flight; initializing
99 silly cache afterAdd bootstrap-sass@3.3.6
100 verbose afterAdd C:\Users\Samantha\AppData\Roaming\npm-cache\bootstrap-sass\3.3.6\package\package.json not in flight; writing
101 verbose correctMkdir C:\Users\Samantha\AppData\Roaming\npm-cache correctMkdir not in flight; initializing
102 verbose afterAdd C:\Users\Samantha\AppData\Roaming\npm-cache\laravel-elixir\5.0.0\package\package.json written
103 verbose afterAdd C:\Users\Samantha\AppData\Roaming\npm-cache\bootstrap-sass\3.3.6\package\package.json written
104 silly rollbackFailedOptional Starting
105 silly rollbackFailedOptional Finishing
106 silly runTopLevelLifecycles Starting
107 silly runTopLevelLifecycles Finishing
108 silly install printInstalled
109 verbose stack Error: ENOENT: no such file or directory, open 'C:\Users\Samantha\Dropbox\School\CIS 239 PHP\final\VanityTshirts\FortAwesome\font-awesome@*'
109 verbose stack     at Error (native)
110 verbose cwd C:\Users\Samantha\Dropbox\School\CIS 239 PHP\final\VanityTshirts
111 error Windows_NT 10.0.10586
112 error argv "C:\\Program Files\\nodejs\\node.exe" "C:\\Program Files\\nodejs\\node_modules\\npm\\bin\\npm-cli.js" "install"
113 error node v5.10.1
114 error npm  v3.8.3
115 error path C:\Users\Samantha\Dropbox\School\CIS 239 PHP\final\VanityTshirts\FortAwesome\font-awesome@*
116 error code ENOENT
117 error errno -4058
118 error syscall open
119 error enoent ENOENT: no such file or directory, open 'C:\Users\Samantha\Dropbox\School\CIS 239 PHP\final\VanityTshirts\FortAwesome\font-awesome@*'
120 error enoent ENOENT: no such file or directory, open 'C:\Users\Samantha\Dropbox\School\CIS 239 PHP\final\VanityTshirts\FortAwesome\font-awesome@*'
120 error enoent This is most likely not a problem with npm itself
120 error enoent and is related to npm not being able to find a file.
121 verbose exit [ -4058, true ]
